<?xml version="1.0" encoding="UTF-8"?>
<!-- Generated by org.testng.reporters.JUnitReportReporter -->
<testsuite hostname="MEGHASHYAM-PC" name="com.TestNGAnnotations.Annotations1" tests="3" failures="0" timestamp="15 Feb 2018 04:05:06 GMT" time="0.041" errors="0">
  <testcase name="LogIn" time="0.006" classname="com.TestNGAnnotations.Annotations1"/>
  <testcase name="ComposeMail" time="0.004" classname="com.TestNGAnnotations.Annotations1"/>
  <testcase name="BrowserLaunch" time="0.031" classname="com.TestNGAnnotations.Annotations1"/>
</testsuite> <!-- com.TestNGAnnotations.Annotations1 -->
