<?xml version="1.0" encoding="UTF-8"?>
<!-- Generated by org.testng.reporters.JUnitReportReporter -->
<testsuite hostname="MEGHASHYAM-PC" name="com.KeyWord.NewToursLogInTest" tests="1" failures="0" timestamp="20 Feb 2018 04:58:18 GMT" time="14.367" errors="0">
  <testcase name="LogIn" time="14.367" classname="com.KeyWord.NewToursLogInTest"/>
</testsuite> <!-- com.KeyWord.NewToursLogInTest -->
