<?xml version="1.0" encoding="UTF-8"?>
<!-- Generated by org.testng.reporters.JUnitReportReporter -->
<testsuite hostname="MEGHASHYAM-PC" name="com.TestNGAnnotations.NewToursLogInTest" tests="1" failures="0" timestamp="15 Feb 2018 19:45:24 GMT" time="14.757" errors="0">
  <testcase name="LogIn" time="14.757" classname="com.TestNGAnnotations.NewToursLogInTest"/>
</testsuite> <!-- com.TestNGAnnotations.NewToursLogInTest -->
