<?xml version="1.0" encoding="UTF-8"?>
<!-- Generated by org.testng.reporters.JUnitReportReporter -->
<testsuite hostname="MEGHASHYAM-PC" name="com.DataDriven.NewUserRegistrations" tests="2" failures="0" timestamp="16 Feb 2018 07:24:28 GMT" time="16.172" errors="0">
  <testcase name="UserRegistration" time="5.349" classname="com.DataDriven.NewUserRegistrations"/>
  <testcase name="Register" time="10.823" classname="com.DataDriven.NewUserRegistrations"/>
</testsuite> <!-- com.DataDriven.NewUserRegistrations -->
