<?xml version="1.0" encoding="UTF-8"?>
<!-- Generated by org.testng.reporters.JUnitReportReporter -->
<testsuite hostname="MEGHASHYAM-PC" name="com.DataDriven.NewUserRegistration_ExcelData" tests="2" failures="0" timestamp="21 Feb 2018 01:02:52 GMT" time="17.089" errors="0">
  <testcase name="UserRegistration" time="6.405" classname="com.DataDriven.NewUserRegistration_ExcelData"/>
  <testcase name="Register" time="10.684" classname="com.DataDriven.NewUserRegistration_ExcelData"/>
</testsuite> <!-- com.DataDriven.NewUserRegistration_ExcelData -->
