<?xml version="1.0" encoding="UTF-8"?>
<!-- Generated by org.testng.reporters.JUnitReportReporter -->
<testsuite hostname="MEGHASHYAM-PC" name="com.POM.NewToursHomePageTesting" tests="1" failures="0" timestamp="20 Feb 2018 04:30:48 GMT" time="59.610" errors="0">
  <testcase name="HomePageTesting" time="59.610" classname="com.POM.NewToursHomePageTesting"/>
</testsuite> <!-- com.POM.NewToursHomePageTesting -->
