<?xml version="1.0" encoding="UTF-8"?>
<!-- Generated by org.testng.reporters.JUnitReportReporter -->
<testsuite hostname="MEGHASHYAM-PC" name="com.TestNGAnnotations.Annotations3" tests="2" failures="0" timestamp="15 Feb 2018 04:13:15 GMT" time="0.037" errors="0">
  <testcase name="CompoiseMail" time="0.020" classname="com.TestNGAnnotations.Annotations3"/>
  <testcase name="InBox" time="0.017" classname="com.TestNGAnnotations.Annotations3"/>
</testsuite> <!-- com.TestNGAnnotations.Annotations3 -->
