<?xml version="1.0" encoding="UTF-8"?>
<!-- Generated by org.testng.reporters.JUnitReportReporter -->
<testsuite hostname="MEGHASHYAM-PC" name="com.DataDriven.NewUserRegistaration_MultipleTestData" tests="2" failures="0" timestamp="20 Feb 2018 04:58:18 GMT" time="27.727" errors="0">
  <testcase name="Register" time="10.681" classname="com.DataDriven.NewUserRegistaration_MultipleTestData"/>
  <testcase name="UserRegistration" time="17.046" classname="com.DataDriven.NewUserRegistaration_MultipleTestData"/>
</testsuite> <!-- com.DataDriven.NewUserRegistaration_MultipleTestData -->
