<?xml version="1.0" encoding="UTF-8"?>
<!-- Generated by org.testng.reporters.JUnitReportReporter -->
<testsuite hostname="MEGHASHYAM-PC" name="com.TestNGAnnotations.Annotations2" tests="2" failures="0" timestamp="15 Feb 2018 04:09:59 GMT" time="0.029" errors="0">
  <testcase name="CompoiseMail" time="0.006" classname="com.TestNGAnnotations.Annotations2"/>
  <testcase name="InBox" time="0.023" classname="com.TestNGAnnotations.Annotations2"/>
</testsuite> <!-- com.TestNGAnnotations.Annotations2 -->
