<?xml version="1.0" encoding="UTF-8"?>
<!-- Generated by org.testng.reporters.JUnitReportReporter -->
<testsuite hostname="MEGHASHYAM-PC" name="com.TestNG.CaptureFacebookTitle" tests="1" failures="0" timestamp="15 Feb 2018 19:35:42 GMT" time="0.086" errors="0">
  <testcase name="PrintAndGetTitle" time="0.086" classname="com.TestNG.CaptureFacebookTitle"/>
</testsuite> <!-- com.TestNG.CaptureFacebookTitle -->
