<?xml version="1.0" encoding="UTF-8"?>
<!-- Generated by org.testng.reporters.JUnitReportReporter -->
<testsuite hostname="MEGHASHYAM-PC" name="com.TestNG.CaptureFacebookURL" tests="1" failures="0" timestamp="15 Feb 2018 19:43:19 GMT" time="0.214" errors="0">
  <testcase name="GetTitleAndURL" time="0.214" classname="com.TestNG.CaptureFacebookURL"/>
</testsuite> <!-- com.TestNG.CaptureFacebookURL -->
