<?xml version="1.0" encoding="UTF-8"?>
<!-- Generated by org.testng.reporters.JUnitReportReporter -->
<testsuite hostname="MEGHASHYAM-PC" name="com.TestNG.ClickOnGoogleImages" tests="2" failures="0" timestamp="15 Feb 2018 21:26:19 GMT" time="0.760" errors="0">
  <testcase name="FindWebElementGoogleImage" time="0.489" classname="com.TestNG.ClickOnGoogleImages"/>
  <testcase name="CloseBrowser" time="0.271" classname="com.TestNG.ClickOnGoogleImages"/>
</testsuite> <!-- com.TestNG.ClickOnGoogleImages -->
