<?xml version="1.0" encoding="UTF-8"?>
<!-- Generated by org.testng.reporters.JUnitReportReporter -->
<testsuite hostname="MEGHASHYAM-PC" name="com.DataDriven.NewUserRegistration" tests="2" failures="0" timestamp="20 Feb 2018 23:35:40 GMT" time="5.483" errors="0">
  <testcase name="UserRegistration" time="4.790" classname="com.DataDriven.NewUserRegistration"/>
  <testcase name="Register" time="0.693" classname="com.DataDriven.NewUserRegistration"/>
</testsuite> <!-- com.DataDriven.NewUserRegistration -->
