<?xml version="1.0" encoding="UTF-8"?>
<!-- Generated by org.testng.reporters.JUnitReportReporter -->
<testsuite hostname="MEGHASHYAM-PC" name="com.TestNG.TestNG" tests="1" failures="0" timestamp="15 Feb 2018 18:30:48 GMT" time="11.353" errors="0">
  <testcase name="FirefoxBrowserAutomation" time="11.353" classname="com.TestNG.TestNG"/>
</testsuite> <!-- com.TestNG.TestNG -->
