<?xml version="1.0" encoding="UTF-8"?>
<!-- Generated by org.testng.reporters.JUnitReportReporter -->
<testsuite hostname="MEGHASHYAM-PC" name="com.NewUserRegistaration_MultipleTestData.NewUserRegistaration_MultipleTestData" tests="2" failures="0" timestamp="19 Feb 2018 16:26:22 GMT" time="160.487" errors="0">
  <testcase name="UserRegistration" time="149.765" classname="com.NewUserRegistaration_MultipleTestData.NewUserRegistaration_MultipleTestData"/>
  <testcase name="Register" time="10.722" classname="com.NewUserRegistaration_MultipleTestData.NewUserRegistaration_MultipleTestData"/>
</testsuite> <!-- com.NewUserRegistaration_MultipleTestData.NewUserRegistaration_MultipleTestData -->
