<?xml version="1.0" encoding="UTF-8"?>
<!-- Generated by org.testng.reporters.JUnitReportReporter -->
<testsuite hostname="MEGHASHYAM-PC" name="com.TestNG.TestAllLinksOfNewTourWebsite" tests="1" failures="0" timestamp="16 Feb 2018 06:49:59 GMT" time="30.112" errors="0">
  <testcase name="FindLinks" time="30.112" classname="com.TestNG.TestAllLinksOfNewTourWebsite"/>
</testsuite> <!-- com.TestNG.TestAllLinksOfNewTourWebsite -->
