<?xml version="1.0" encoding="UTF-8"?>
<!-- Generated by org.testng.reporters.JUnitReportReporter -->
<testsuite hostname="MEGHASHYAM-PC" name="com.TestNG.DisplayLinkNamesOfNewTours" tests="1" failures="0" timestamp="19 Feb 2018 03:21:28 GMT" time="29.042" errors="0">
  <testcase name="IdentifyNumberOfLinks" time="29.042" classname="com.TestNG.DisplayLinkNamesOfNewTours"/>
</testsuite> <!-- com.TestNG.DisplayLinkNamesOfNewTours -->
