<?xml version="1.0" encoding="UTF-8"?>
<!-- Generated by org.testng.reporters.JUnitReportReporter -->
<testsuite hostname="MEGHASHYAM-PC" name="com.TestNG.NavigatingToGmail" tests="1" failures="0" timestamp="20 Feb 2018 02:41:15 GMT" time="19.379" errors="0">
  <testcase name="NavigateGmail" time="19.379" classname="com.TestNG.NavigatingToGmail"/>
</testsuite> <!-- com.TestNG.NavigatingToGmail -->
