<?xml version="1.0" encoding="UTF-8"?>
<!-- Generated by org.testng.reporters.JUnitReportReporter -->
<testsuite hostname="MEGHASHYAM-PC" name="com.Keyword.NewToursRegistrationTest" tests="2" failures="0" timestamp="20 Feb 2018 03:07:15 GMT" time="29.099" errors="0">
  <testcase name="LogIn" time="10.775" classname="com.Keyword.NewToursRegistrationTest"/>
  <testcase name="UserRegistration" time="18.324" classname="com.Keyword.NewToursRegistrationTest"/>
</testsuite> <!-- com.Keyword.NewToursRegistrationTest -->
